game1c.obj : error LNK2001: неразрешенный внешний символ "__declspec(dllimport) public: static class sf::RenderStates const sf::RenderStates::Default" (__imp_?Default@RenderStates@sf@@2V12@B).
game1c.obj : error LNK2001: неразрешенный внешний символ "__declspec(dllimport) public: static class sf::Color const sf::Color::White" (__imp_?White@Color@sf@@2V12@B).
game1c.obj : error LNK2001: неразрешенный внешний символ "__declspec(dllimport) public: bool __cdecl sf::Font::loadFromFile(class std::basic_string<char,struct std::char_traits<char>,class std::allocator<char> > const &)" (__imp_?loadFromFile@Font@sf@@QEAA_NAEBV?$basic_string@DU?$char_traits@D@std@@V?$allocator@D@2@@std@@@Z).
game1c.obj : error LNK2001: неразрешенный внешний символ "__declspec(dllimport) public: __cdecl sf::Font::~Font(void)" (__imp_??1Font@sf@@QEAA@XZ).
game1c.obj : error LNK2001: неразрешенный внешний символ "__declspec(dllimport) public: __cdecl sf::Font::Font(void)" (__imp_??0Font@sf@@QEAA@XZ).
game1c.obj : error LNK2001: неразрешенный внешний символ "__declspec(dllimport) public: virtual __cdecl sf::RenderWindow::~RenderWindow(void)" (__imp_??1RenderWindow@sf@@UEAA@XZ).
game1c.obj : error LNK2001: неразрешенный внешний символ "__declspec(dllimport) public: __cdecl sf::RenderWindow::RenderWindow(class sf::VideoMode,class sf::String const &,unsigned int,struct sf::ContextSettings const &)" (__imp_??0RenderWindow@sf@@QEAA@VVideoMode@1@AEBVString@1@IAEBUContextSettings@1@@Z).
game1c.obj : error LNK2001: неразрешенный внешний символ "__declspec(dllimport) public: __cdecl sf::Color::Color(unsigned char,unsigned char,unsigned char,unsigned char)" (__imp_??0Color@sf@@QEAA@EEEE@Z).
game1c.obj : error LNK2001: неразрешенный внешний символ "__declspec(dllimport) public: void __cdecl sf::Window::display(void)" (__imp_?display@Window@sf@@QEAAXXZ).
game1c.obj : error LNK2001: неразрешенный внешний символ "__declspec(dllimport) public: bool __cdecl sf::Window::pollEvent(class sf::Event &)" (__imp_?pollEvent@Window@sf@@QEAA_NAEAVEvent@2@@Z).
game1c.obj : error LNK2001: неразрешенный внешний символ "__declspec(dllimport) public: bool __cdecl sf::Window::isOpen(void)const " (__imp_?isOpen@Window@sf@@QEBA_NXZ).
game1c.obj : error LNK2001: неразрешенный внешний символ "__declspec(dllimport) public: void __cdecl sf::Window::close(void)" (__imp_?close@Window@sf@@QEAAXXZ).
game1c.obj : error LNK2001: неразрешенный внешний символ "__declspec(dllimport) public: void __cdecl sf::RenderTarget::draw(class sf::Drawable const &,class sf::RenderStates const &)" (__imp_?draw@RenderTarget@sf@@QEAAXAEBVDrawable@2@AEBVRenderStates@2@@Z).
game1c.obj : error LNK2001: неразрешенный внешний символ "__declspec(dllimport) public: void __cdecl sf::RenderTarget::clear(class sf::Color const &)" (__imp_?clear@RenderTarget@sf@@QEAAXAEBVColor@2@@Z).
game1c.obj : error LNK2001: неразрешенный внешний символ "__declspec(dllimport) public: __cdecl sf::String::String(char const *,class std::locale const &)" (__imp_??0String@sf@@QEAA@PEBDAEBVlocale@std@@@Z).
game1c.obj : error LNK2001: неразрешенный внешний символ "__declspec(dllimport) public: __cdecl sf::VideoMode::VideoMode(unsigned int,unsigned int,unsigned int)" (__imp_??0VideoMode@sf@@QEAA@III@Z).
game1c.obj : error LNK2001: неразрешенный внешний символ "__declspec(dllimport) public: void __cdecl sf::Text::setFillColor(class sf::Color const &)" (__imp_?setFillColor@Text@sf@@QEAAXAEBVColor@2@@Z).
game1c.obj : error LNK2001: неразрешенный внешний символ "__declspec(dllimport) public: void __cdecl sf::Text::setCharacterSize(unsigned int)" (__imp_?setCharacterSize@Text@sf@@QEAAXI@Z).
game1c.obj : error LNK2001: неразрешенный внешний символ "__declspec(dllimport) public: __cdecl sf::Text::Text(class sf::String const &,class sf::Font const &,unsigned int)" (__imp_??0Text@sf@@QEAA@AEBVString@1@AEBVFont@1@I@Z).
game1c.obj : error LNK2001: неразрешенный внешний символ "__declspec(dllimport) public: virtual __cdecl sf::Text::~Text(void)" (__imp_??1Text@sf@@UEAA@XZ).
game1c.obj : error LNK2001: неразрешенный внешний символ "__declspec(dllimport) public: __cdecl sf::String::~String(void)" (__imp_??1String@sf@@QEAA@XZ).
F:\САША\YandexDisk\Proj\game1c\x64\Release\game1c.exe : fatal error LNK1120: неразрешенных внешних элементов: 21
